WmsTerminal/build/outputs/logs/manifest-merger-release-report.txt
-- Merging decision tree log ---
manifest
ADDED from WmsTer\WmsTerminal\AndroidManifest.xml:2:1-123:12
	package
		ADDED from WmsTer\WmsTerminal\AndroidManifest.xml:3:5-30
	android:versionName
		ADDED from WmsTer\WmsTerminal\AndroidManifest.xml:5:5-30
		INJECTED from WmsTer\WmsTerminal\AndroidManifest.xml
		INJECTED from WmsTer\WmsTerminal\AndroidManifest.xml
	android:versionCode
		ADDED from WmsTer\WmsTerminal\AndroidManifest.xml:4:5-28
		INJECTED from WmsTer\WmsTerminal\AndroidManifest.xml
		INJECTED from WmsTer\WmsTerminal\AndroidManifest.xml
	xmlns:android
		ADDED from WmsTer\WmsTerminal\AndroidManifest.xml:2:11-69
uses-sdk
ADDED from WmsTer\WmsTerminal\AndroidManifest.xml:7:5-9:41
MERGED from [com.android.support:multidex:1.0.1] AndroidManifest.xml:18:5-42
MERGED from [WmsTer:fresco_sdk:unspecified] AndroidManifest.xml:7:5-9:41
MERGED from [WmsTer:ptr_sdk:unspecified] AndroidManifest.xml:7:5-9:41
MERGED from [WmsTer.zhy_pulltorefreash_chenyoca:base_library_pullToRefresh_chenyoca:unspecified] AndroidManifest.xml:7:5-43
	android:targetSdkVersion
		ADDED from WmsTer\WmsTerminal\AndroidManifest.xml:9:9-38
	android:minSdkVersion
		ADDED from WmsTer\WmsTerminal\AndroidManifest.xml:8:9-35
uses-permission#android.permission.RECEIVE_USER_PRESENT
ADDED from WmsTer\WmsTerminal\AndroidManifest.xml:12:5-79
	android:name
		ADDED from WmsTer\WmsTerminal\AndroidManifest.xml:12:22-76
uses-permission#android.permission.INTERNET
ADDED from WmsTer\WmsTerminal\AndroidManifest.xml:13:5-67
	android:name
		ADDED from WmsTer\WmsTerminal\AndroidManifest.xml:13:22-64
uses-permission#android.permission.WAKE_LOCK
ADDED from WmsTer\WmsTerminal\AndroidManifest.xml:14:5-68
	android:name
		ADDED from WmsTer\WmsTerminal\AndroidManifest.xml:14:22-65
uses-permission#android.permission.READ_PHONE_STATE
ADDED from WmsTer\WmsTerminal\AndroidManifest.xml:15:5-75
	android:name
		ADDED from WmsTer\WmsTerminal\AndroidManifest.xml:15:22-72
uses-permission#android.permission.WRITE_EXTERNAL_STORAGE
ADDED from WmsTer\WmsTerminal\AndroidManifest.xml:16:5-81
	android:name
		ADDED from WmsTer\WmsTerminal\AndroidManifest.xml:16:22-78
uses-permission#android.permission.READ_EXTERNAL_STORAGE
ADDED from WmsTer\WmsTerminal\AndroidManifest.xml:17:5-80
	android:name
		ADDED from WmsTer\WmsTerminal\AndroidManifest.xml:17:22-77
uses-permission#android.permission.WRITE_SETTINGS
ADDED from WmsTer\WmsTerminal\AndroidManifest.xml:18:5-73
	android:name
		ADDED from WmsTer\WmsTerminal\AndroidManifest.xml:18:22-70
uses-permission#android.permission.VIBRATE
ADDED from WmsTer\WmsTerminal\AndroidManifest.xml:19:5-66
	android:name
		ADDED from WmsTer\WmsTerminal\AndroidManifest.xml:19:22-63
uses-permission#android.permission.MOUNT_UNMOUNT_FILESYSTEMS
ADDED from WmsTer\WmsTerminal\AndroidManifest.xml:20:5-84
	android:name
		ADDED from WmsTer\WmsTerminal\AndroidManifest.xml:20:22-81
uses-permission#android.permission.ACCESS_NETWORK_STATE
ADDED from WmsTer\WmsTerminal\AndroidManifest.xml:21:5-79
	android:name
		ADDED from WmsTer\WmsTerminal\AndroidManifest.xml:21:22-76
uses-permission#android.permission.ACCESS_WIFI_STATE
ADDED from WmsTer\WmsTerminal\AndroidManifest.xml:22:5-76
	android:name
		ADDED from WmsTer\WmsTerminal\AndroidManifest.xml:22:22-73
uses-permission#android.permission.SYSTEM_ALERT_WINDOW
ADDED from WmsTer\WmsTerminal\AndroidManifest.xml:23:5-78
	android:name
		ADDED from WmsTer\WmsTerminal\AndroidManifest.xml:23:22-75
application
ADDED from WmsTer\WmsTerminal\AndroidManifest.xml:25:5-121:19
MERGED from [WmsTer:fresco_sdk:unspecified] AndroidManifest.xml:11:5-20
MERGED from [WmsTer:ptr_sdk:unspecified] AndroidManifest.xml:11:5-20
MERGED from [WmsTer.zhy_pulltorefreash_chenyoca:base_library_pullToRefresh_chenyoca:unspecified] AndroidManifest.xml:9:5-20
	android:label
		ADDED from WmsTer\WmsTerminal\AndroidManifest.xml:29:9-41
	android:allowBackup
		ADDED from WmsTer\WmsTerminal\AndroidManifest.xml:27:9-35
	android:icon
		ADDED from WmsTer\WmsTerminal\AndroidManifest.xml:28:9-45
	android:theme
		ADDED from WmsTer\WmsTerminal\AndroidManifest.xml:30:9-40
	android:name
		ADDED from WmsTer\WmsTerminal\AndroidManifest.xml:26:9-60
activity#com.wmsterminal.activity.LoginActivity
ADDED from WmsTer\WmsTerminal\AndroidManifest.xml:31:9-41:20
	android:label
		ADDED from WmsTer\WmsTerminal\AndroidManifest.xml:33:13-45
	android:launchMode
		ADDED from WmsTer\WmsTerminal\AndroidManifest.xml:34:13-44
	android:name
		ADDED from WmsTer\WmsTerminal\AndroidManifest.xml:32:13-66
intent-filter#android.intent.action.MAIN+android.intent.category.LAUNCHER
ADDED from WmsTer\WmsTerminal\AndroidManifest.xml:36:9-40:29
action#android.intent.action.MAIN
ADDED from WmsTer\WmsTerminal\AndroidManifest.xml:37:17-69
	android:name
		ADDED from WmsTer\WmsTerminal\AndroidManifest.xml:37:25-66
category#android.intent.category.LAUNCHER
ADDED from WmsTer\WmsTerminal\AndroidManifest.xml:39:17-77
	android:name
		ADDED from WmsTer\WmsTerminal\AndroidManifest.xml:39:27-74
activity#com.wmsterminal.activity.MainActivity
ADDED from WmsTer\WmsTerminal\AndroidManifest.xml:42:9-44:52
	android:screenOrientation
		ADDED from WmsTer\WmsTerminal\AndroidManifest.xml:44:13-49
	android:name
		ADDED from WmsTer\WmsTerminal\AndroidManifest.xml:43:13-65
activity#com.wmsterminal.activity.IndexContentActivity
ADDED from WmsTer\WmsTerminal\AndroidManifest.xml:45:9-48:12
	android:screenOrientation
		ADDED from WmsTer\WmsTerminal\AndroidManifest.xml:47:13-49
	android:name
		ADDED from WmsTer\WmsTerminal\AndroidManifest.xml:46:13-73
activity#com.wmsterminal.activity.ScanSeparateActivity
ADDED from WmsTer\WmsTerminal\AndroidManifest.xml:49:9-52:25
	android:screenOrientation
		ADDED from WmsTer\WmsTerminal\AndroidManifest.xml:51:13-49
	android:name
		ADDED from WmsTer\WmsTerminal\AndroidManifest.xml:50:13-73
activity#com.wmsterminal.activity.wms.WmsInputActivity
ADDED from WmsTer\WmsTerminal\AndroidManifest.xml:53:9-56:25
	android:screenOrientation
		ADDED from WmsTer\WmsTerminal\AndroidManifest.xml:55:13-49
	android:name
		ADDED from WmsTer\WmsTerminal\AndroidManifest.xml:54:13-73
activity#com.wmsterminal.activity.wms.WmsInputFailureActivity
ADDED from WmsTer\WmsTerminal\AndroidManifest.xml:57:9-60:25
	android:screenOrientation
		ADDED from WmsTer\WmsTerminal\AndroidManifest.xml:59:13-49
	android:name
		ADDED from WmsTer\WmsTerminal\AndroidManifest.xml:58:13-80
activity#com.wmsterminal.activity.wms.WmsOutputActivity
ADDED from WmsTer\WmsTerminal\AndroidManifest.xml:61:10-64:25
	android:screenOrientation
		ADDED from WmsTer\WmsTerminal\AndroidManifest.xml:63:13-49
	android:name
		ADDED from WmsTer\WmsTerminal\AndroidManifest.xml:62:13-74
activity#com.wmsterminal.activity.scan.ScanReturnParcelActivity
ADDED from WmsTer\WmsTerminal\AndroidManifest.xml:65:10-68:25
	android:screenOrientation
		ADDED from WmsTer\WmsTerminal\AndroidManifest.xml:67:13-49
	android:name
		ADDED from WmsTer\WmsTerminal\AndroidManifest.xml:66:13-82
activity#com.wmsterminal.activity.scan.CheckShipmentActivity
ADDED from WmsTer\WmsTerminal\AndroidManifest.xml:69:12-72:25
	android:screenOrientation
		ADDED from WmsTer\WmsTerminal\AndroidManifest.xml:71:13-49
	android:name
		ADDED from WmsTer\WmsTerminal\AndroidManifest.xml:70:13-79
activity#com.wmsterminal.activity.scan.ReleasePalletActivity
ADDED from WmsTer\WmsTerminal\AndroidManifest.xml:73:12-76:28
	android:screenOrientation
		ADDED from WmsTer\WmsTerminal\AndroidManifest.xml:75:16-52
	android:name
		ADDED from WmsTer\WmsTerminal\AndroidManifest.xml:74:16-82
activity#com.wmsterminal.activity.scan.PalletActivity
ADDED from WmsTer\WmsTerminal\AndroidManifest.xml:77:13-80:28
	android:screenOrientation
		ADDED from WmsTer\WmsTerminal\AndroidManifest.xml:79:16-52
	android:name
		ADDED from WmsTer\WmsTerminal\AndroidManifest.xml:78:16-75
activity#com.wmsterminal.activity.wms.IndexInputActivity
ADDED from WmsTer\WmsTerminal\AndroidManifest.xml:81:13-84:29
	android:screenOrientation
		ADDED from WmsTer\WmsTerminal\AndroidManifest.xml:83:17-53
	android:name
		ADDED from WmsTer\WmsTerminal\AndroidManifest.xml:82:17-79
activity#com.wmsterminal.activity.wms.QueryOutBoundActivity
ADDED from WmsTer\WmsTerminal\AndroidManifest.xml:85:18-88:29
	android:screenOrientation
		ADDED from WmsTer\WmsTerminal\AndroidManifest.xml:87:17-53
	android:name
		ADDED from WmsTer\WmsTerminal\AndroidManifest.xml:86:13-78
activity#com.wmsterminal.activity.wms.QueryWavsActivity
ADDED from WmsTer\WmsTerminal\AndroidManifest.xml:89:14-92:29
	android:screenOrientation
		ADDED from WmsTer\WmsTerminal\AndroidManifest.xml:91:17-53
	android:name
		ADDED from WmsTer\WmsTerminal\AndroidManifest.xml:90:13-74
activity#com.wmsterminal.activity.wms.UpDateWavsActivity
ADDED from WmsTer\WmsTerminal\AndroidManifest.xml:93:17-97:28
	android:screenOrientation
		ADDED from WmsTer\WmsTerminal\AndroidManifest.xml:95:17-53
	android:name
		ADDED from WmsTer\WmsTerminal\AndroidManifest.xml:94:13-75
activity#com.wmsterminal.activity.wms.QueryStokeActivity
ADDED from WmsTer\WmsTerminal\AndroidManifest.xml:98:17-102:28
	android:screenOrientation
		ADDED from WmsTer\WmsTerminal\AndroidManifest.xml:100:17-53
	android:name
		ADDED from WmsTer\WmsTerminal\AndroidManifest.xml:99:13-75
activity#com.wmsterminal.activity.wms.UpDataStokeActivity
ADDED from WmsTer\WmsTerminal\AndroidManifest.xml:103:19-107:28
	android:screenOrientation
		ADDED from WmsTer\WmsTerminal\AndroidManifest.xml:105:17-53
	android:name
		ADDED from WmsTer\WmsTerminal\AndroidManifest.xml:104:13-76
activity#com.wmsterminal.activity.wms.ShelfNumListActivity
ADDED from WmsTer\WmsTerminal\AndroidManifest.xml:109:14-113:28
	android:screenOrientation
		ADDED from WmsTer\WmsTerminal\AndroidManifest.xml:111:17-53
	android:name
		ADDED from WmsTer\WmsTerminal\AndroidManifest.xml:110:13-77
activity#com.wmsterminal.activity.wms.UpDateOutBoundActivity
ADDED from WmsTer\WmsTerminal\AndroidManifest.xml:114:13-118:24
	android:screenOrientation
		ADDED from WmsTer\WmsTerminal\AndroidManifest.xml:116:17-53
	android:name
		ADDED from WmsTer\WmsTerminal\AndroidManifest.xml:115:13-79